<?xml version="1.0" encoding="UTF-8"?>
<!-- Generated by org.testng.reporters.JUnitReportReporter -->
<testsuite skipped="0" hostname="EVT02098NB" name="fibonacciTest.FibonacciTest" tests="3" failures="0" timestamp="2021-11-11T21:47:58 TRT" time="0.018" errors="0">
  <testcase name="dynamicFib" time="0.013" classname="fibonacciTest.FibonacciTest"/>
  <system-out/>
  <testcase name="fibFail" time="0.002" classname="fibonacciTest.FibonacciTest"/>
  <system-out/>
  <testcase name="fibSuccess" time="0.003" classname="fibonacciTest.FibonacciTest"/>
  <system-out/>
</testsuite> <!-- fibonacciTest.FibonacciTest -->
